<?xml version="1.0" encoding="UTF-8" ?>
<testsuite errors="0" failures="0" hostname="localhost" name="com.yahoo.dtf.junit.DTFPropertiesSuite" tests="8" time="0.705" timestamp="2010-08-11T04:43:41">
  <properties>
    <property name="java.vendor" value="Sun Microsystems Inc." />
    <property name="sun.java.launcher" value="SUN_STANDARD" />
    <property name="sun.management.compiler" value="HotSpot Client Compiler" />
    <property name="dtf.classes.dir" value="classes" />
    <property name="os.name" value="Linux" />
    <property name="cobertura.home" value="/opt/cobertura" />
    <property name="sun.boot.class.path" value="/usr/lib/jvm/java-6-sun-1.6.0.20/jre/lib/resources.jar:/usr/lib/jvm/java-6-sun-1.6.0.20/jre/lib/rt.jar:/usr/lib/jvm/java-6-sun-1.6.0.20/jre/lib/sunrsasign.jar:/usr/lib/jvm/java-6-sun-1.6.0.20/jre/lib/jsse.jar:/usr/lib/jvm/java-6-sun-1.6.0.20/jre/lib/jce.jar:/usr/lib/jvm/java-6-sun-1.6.0.20/jre/lib/charsets.jar:/usr/lib/jvm/java-6-sun-1.6.0.20/jre/classes" />
    <property name="junit.ready" value="true" />
    <property name="findbugs.home" value="/opt/findbugs" />
    <property name="dtf.plugins.dir" value="plugins" />
    <property name="dtf.src.dir" value="src" />
    <property name="java.vm.specification.vendor" value="Sun Microsystems Inc." />
    <property name="net.sourceforge.cobertura.datafile" value="/home/dtftest/build/dtf/build/dtf/dist/cobertura-junit.ser" />
    <property name="ant.home" value="/usr/share/ant" />
    <property name="dtf.xsl.out.filename" value="inventory.html" />
    <property name="java.runtime.version" value="1.6.0_20-b02" />
    <property name="user.name" value="dtftest" />
    <property name="dtf.home" value="/home/dtftest/build/dtf/build/dtf/dist" />
    <property name="user.language" value="en" />
    <property name="sun.boot.library.path" value="/usr/lib/jvm/java-6-sun-1.6.0.20/jre/lib/i386" />
    <property name="java.version" value="1.6.0_20" />
    <property name="user.timezone" value="" />
    <property name="sun.arch.data.model" value="32" />
    <property name="dtf.jar.filename" value="dtf.jar" />
    <property name="java.endorsed.dirs" value="/usr/lib/jvm/java-6-sun-1.6.0.20/jre/lib/endorsed" />
    <property name="sun.cpu.isalist" value="" />
    <property name="sun.jnu.encoding" value="UTF-8" />
    <property name="file.encoding.pkg" value="sun.io" />
    <property name="file.separator" value="/" />
    <property name="java.specification.name" value="Java Platform API Specification" />
    <property name="java.class.version" value="50.0" />
    <property name="dtf.xsd.filename" value="dtf.xsd" />
    <property name="user.country" value="US" />
    <property name="dtf.doclet.classname" value="sun.com.dtf.doclet.DTFDoclet" />
    <property name="java.home" value="/usr/lib/jvm/java-6-sun-1.6.0.20/jre" />
    <property name="java.vm.info" value="mixed mode, sharing" />
    <property name="ant.file" value="/home/dtftest/build/dtf/build.xml" />
    <property name="os.version" value="2.6.32-305-ec2" />
    <property name="path.separator" value=":" />
    <property name="java.vm.version" value="16.3-b01" />
    <property name="ant.library.dir" value="/usr/share/ant/lib" />
    <property name="dtf.dir" value="." />
    <property name="java.awt.printerjob" value="sun.print.PSPrinterJob" />
    <property name="sun.io.unicode.encoding" value="UnicodeLittle" />
    <property name="user.home" value="/home/dtftest" />
    <property name="javac.excludes" value="" />
    <property name="dtf.dist.dir" value="dist" />
    <property name="java.specification.vendor" value="Sun Microsystems Inc." />
    <property name="java.library.path" value="/usr/lib/jvm/java-6-sun-1.6.0.20/jre/lib/i386/client:/usr/lib/jvm/java-6-sun-1.6.0.20/jre/lib/i386:/usr/lib/jvm/java-6-sun-1.6.0.20/jre/../lib/i386:/usr/java/packages/lib/i386:/lib:/usr/lib" />
    <property name="java.vendor.url" value="http://java.sun.com/" />
    <property name="java.vm.vendor" value="Sun Microsystems Inc." />
    <property name="dtf.xsl.filename" value="src/xsl/inventory.xsl" />
    <property name="java.runtime.name" value="Java(TM) SE Runtime Environment" />
    <property name="java.class.path" value="/home/dtftest/build/dtf/build/dtf/dist/lib/ant-contrib-1.0b3.jar:/home/dtftest/build/dtf/build/dtf/dist/lib/ant-jsch.jar:/home/dtftest/build/dtf/build/dtf/dist/lib/commons-codec-1.4.jar:/home/dtftest/build/dtf/build/dtf/dist/lib/commons-httpclient-3.1.jar:/home/dtftest/build/dtf/build/dtf/dist/lib/commons-jxpath-1.3.jar:/home/dtftest/build/dtf/build/dtf/dist/lib/commons-lang-2.5.jar:/home/dtftest/build/dtf/build/dtf/dist/lib/commons-logging-1.1.1.jar:/home/dtftest/build/dtf/build/dtf/dist/lib/commons-net-1.4.1.jar:/home/dtftest/build/dtf/build/dtf/dist/lib/dtf.jar:/home/dtftest/build/dtf/build/dtf/dist/lib/httpcore-4.0.1.jar:/home/dtftest/build/dtf/build/dtf/dist/lib/httpcore-nio-4.0.1.jar:/home/dtftest/build/dtf/build/dtf/dist/lib/jsch-0.1.39.jar:/home/dtftest/build/dtf/build/dtf/dist/lib/log4j-1.2.14.jar:/home/dtftest/build/dtf/build/dtf/dist/lib/opencsv-1.8.jar:/home/dtftest/build/dtf/build/dtf/dist/lib/xercesImpl.jar:/home/dtftest/build/dtf/build/dtf/dist/lib/xml-apis.jar:/opt/junit/junit-4.8.1-src.jar:/opt/junit/junit-4.8.1.jar:/opt/junit/junit-dep-4.8.1.jar:/usr/share/java/ant-launcher-1.7.1.jar:/usr/share/ant/lib/ant.jar:/usr/share/ant/lib/ant-junit.jar" />
    <property name="ant.version" value="Apache Ant version 1.7.1 compiled on July 1 2010" />
    <property name="java.vm.specification.name" value="Java Virtual Machine Specification" />
    <property name="dtf.properties.filename" value="src/config/dtf.properties" />
    <property name="java.vm.specification.version" value="1.0" />
    <property name="sun.cpu.endian" value="little" />
    <property name="sun.os.patch.level" value="unknown" />
    <property name="java.io.tmpdir" value="/tmp" />
    <property name="java.vendor.url.bug" value="http://java.sun.com/cgi-bin/bugreport.cgi" />
    <property name="dtf.java.target" value="1.5" />
    <property name="os.arch" value="i386" />
    <property name="java.awt.graphicsenv" value="sun.awt.X11GraphicsEnvironment" />
    <property name="java.ext.dirs" value="/usr/lib/jvm/java-6-sun-1.6.0.20/jre/lib/ext:/usr/java/packages/lib/ext" />
    <property name="user.dir" value="/home/dtftest/build/dtf" />
    <property name="line.separator" value="
" />
    <property name="java.vm.name" value="Java HotSpot(TM) Client VM" />
    <property name="dtf.ant.zip" value="external/apache-ant-1.6.0.zip" />
    <property name="basedir" value="/home/dtftest/build/dtf" />
    <property name="dtf.build.dir" value="build/dtf" />
    <property name="junit.home" value="/opt/junit" />
    <property name="ant.java.version" value="1.6" />
    <property name="ant.core.lib" value="/usr/share/ant/lib/ant.jar" />
    <property name="dtf.ext.lib.dir" value="external/lib" />
    <property name="dtf.plugins" value="" />
    <property name="file.encoding" value="UTF-8" />
    <property name="java.specification.version" value="1.6" />
  </properties>
  <testcase classname="com.yahoo.dtf.junit.DTFPropertiesSuite" name="propertyIsolation" time="0.0050" />
  <testcase classname="com.yahoo.dtf.junit.DTFPropertiesSuite" name="propertyInheritance" time="0.0030" />
  <testcase classname="com.yahoo.dtf.junit.DTFPropertiesSuite" name="propertyResolution" time="0.0010" />
  <testcase classname="com.yahoo.dtf.junit.DTFPropertiesSuite" name="putPerf" time="0.027" />
  <testcase classname="com.yahoo.dtf.junit.DTFPropertiesSuite" name="putPerfInCopy" time="0.137" />
  <testcase classname="com.yahoo.dtf.junit.DTFPropertiesSuite" name="clonePerf" time="0.101" />
  <testcase classname="com.yahoo.dtf.junit.DTFPropertiesSuite" name="removeTest" time="0.0" />
  <testcase classname="com.yahoo.dtf.junit.DTFPropertiesSuite" name="enumerationTest" time="0.0030" />
  <system-out><![CDATA[puts/sec: 384615.3846153846
Puts/sec: 161290.32258064515
clones/sec: 1428571.4285714286
elem a
elem b
elem c
elem d
elem z
]]></system-out>
  <system-err><![CDATA[]]></system-err>
</testsuite>
