<?xml version="1.0" encoding="UTF-8" ?>
<testsuite errors="0" failures="0" hostname="localhost" name="com.yahoo.dtf.junit.DTFJUnitTest" tests="0" time="0.318" timestamp="2011-02-25T06:26:12">
  <properties>
    <property name="java.vendor" value="Sun Microsystems Inc."></property>
    <property name="sun.java.launcher" value="SUN_STANDARD"></property>
    <property name="sun.management.compiler" value="HotSpot Client Compiler"></property>
    <property name="dtf.classes.dir" value="classes"></property>
    <property name="os.name" value="Linux"></property>
    <property name="cobertura.home" value="/opt/cobertura"></property>
    <property name="sun.boot.class.path" value="/usr/lib/jvm/java-6-sun-1.6.0.20/jre/lib/resources.jar:/usr/lib/jvm/java-6-sun-1.6.0.20/jre/lib/rt.jar:/usr/lib/jvm/java-6-sun-1.6.0.20/jre/lib/sunrsasign.jar:/usr/lib/jvm/java-6-sun-1.6.0.20/jre/lib/jsse.jar:/usr/lib/jvm/java-6-sun-1.6.0.20/jre/lib/jce.jar:/usr/lib/jvm/java-6-sun-1.6.0.20/jre/lib/charsets.jar:/usr/lib/jvm/java-6-sun-1.6.0.20/jre/classes"></property>
    <property name="junit.ready" value="true"></property>
    <property name="findbugs.home" value="/opt/findbugs"></property>
    <property name="dtf.plugins.dir" value="plugins"></property>
    <property name="dtf.src.dir" value="src"></property>
    <property name="java.vm.specification.vendor" value="Sun Microsystems Inc."></property>
    <property name="net.sourceforge.cobertura.datafile" value="/home/dtftest/build/dtf/build/dtf/dist/cobertura-junit.ser"></property>
    <property name="ant.home" value="/usr/share/ant"></property>
    <property name="dtf.xsl.out.filename" value="inventory.html"></property>
    <property name="java.runtime.version" value="1.6.0_20-b02"></property>
    <property name="user.name" value="dtftest"></property>
    <property name="dtf.home" value="/home/dtftest/build/dtf/build/dtf/dist"></property>
    <property name="user.language" value="en"></property>
    <property name="sun.boot.library.path" value="/usr/lib/jvm/java-6-sun-1.6.0.20/jre/lib/i386"></property>
    <property name="java.version" value="1.6.0_20"></property>
    <property name="user.timezone" value=""></property>
    <property name="sun.arch.data.model" value="32"></property>
    <property name="dtf.jar.filename" value="dtf.jar"></property>
    <property name="java.endorsed.dirs" value="/usr/lib/jvm/java-6-sun-1.6.0.20/jre/lib/endorsed"></property>
    <property name="sun.cpu.isalist" value=""></property>
    <property name="sun.jnu.encoding" value="UTF-8"></property>
    <property name="file.encoding.pkg" value="sun.io"></property>
    <property name="file.separator" value="/"></property>
    <property name="java.specification.name" value="Java Platform API Specification"></property>
    <property name="java.class.version" value="50.0"></property>
    <property name="dtf.xsd.filename" value="dtf.xsd"></property>
    <property name="user.country" value="US"></property>
    <property name="dtf.doclet.classname" value="sun.com.dtf.doclet.DTFDoclet"></property>
    <property name="java.home" value="/usr/lib/jvm/java-6-sun-1.6.0.20/jre"></property>
    <property name="java.vm.info" value="mixed mode, sharing"></property>
    <property name="ant.file" value="/home/dtftest/build/dtf/build.xml"></property>
    <property name="os.version" value="2.6.32-305-ec2"></property>
    <property name="path.separator" value=":"></property>
    <property name="java.vm.version" value="16.3-b01"></property>
    <property name="ant.library.dir" value="/usr/share/ant/lib"></property>
    <property name="dtf.dir" value="."></property>
    <property name="java.awt.printerjob" value="sun.print.PSPrinterJob"></property>
    <property name="sun.io.unicode.encoding" value="UnicodeLittle"></property>
    <property name="user.home" value="/home/dtftest"></property>
    <property name="javac.excludes" value=""></property>
    <property name="dtf.dist.dir" value="dist"></property>
    <property name="java.specification.vendor" value="Sun Microsystems Inc."></property>
    <property name="java.library.path" value="/usr/lib/jvm/java-6-sun-1.6.0.20/jre/lib/i386/client:/usr/lib/jvm/java-6-sun-1.6.0.20/jre/lib/i386:/usr/lib/jvm/java-6-sun-1.6.0.20/jre/../lib/i386:/usr/java/packages/lib/i386:/lib:/usr/lib"></property>
    <property name="java.vendor.url" value="http://java.sun.com/"></property>
    <property name="java.vm.vendor" value="Sun Microsystems Inc."></property>
    <property name="dtf.xsl.filename" value="src/xsl/inventory.xsl"></property>
    <property name="java.runtime.name" value="Java(TM) SE Runtime Environment"></property>
    <property name="java.class.path" value="/home/dtftest/build/dtf/build/dtf/dist/lib/ant-contrib-1.0b3.jar:/home/dtftest/build/dtf/build/dtf/dist/lib/ant-jsch.jar:/home/dtftest/build/dtf/build/dtf/dist/lib/commons-codec-1.4.jar:/home/dtftest/build/dtf/build/dtf/dist/lib/commons-httpclient-3.1.jar:/home/dtftest/build/dtf/build/dtf/dist/lib/commons-jxpath-1.3.jar:/home/dtftest/build/dtf/build/dtf/dist/lib/commons-lang-2.5.jar:/home/dtftest/build/dtf/build/dtf/dist/lib/commons-logging-1.1.1.jar:/home/dtftest/build/dtf/build/dtf/dist/lib/commons-net-1.4.1.jar:/home/dtftest/build/dtf/build/dtf/dist/lib/dtf.jar:/home/dtftest/build/dtf/build/dtf/dist/lib/httpcore-4.0.1.jar:/home/dtftest/build/dtf/build/dtf/dist/lib/httpcore-nio-4.0.1.jar:/home/dtftest/build/dtf/build/dtf/dist/lib/jsch-0.1.39.jar:/home/dtftest/build/dtf/build/dtf/dist/lib/log4j-1.2.14.jar:/home/dtftest/build/dtf/build/dtf/dist/lib/opencsv-1.8.jar:/home/dtftest/build/dtf/build/dtf/dist/lib/pangu-0.1.jar:/home/dtftest/build/dtf/build/dtf/dist/lib/selenium-java-client-driver-sources.jar:/home/dtftest/build/dtf/build/dtf/dist/lib/selenium-java-client-driver.jar:/home/dtftest/build/dtf/build/dtf/dist/lib/selenium-server-coreless.jar:/home/dtftest/build/dtf/build/dtf/dist/lib/selenium-server-sources.jar:/home/dtftest/build/dtf/build/dtf/dist/lib/selenium-server.jar:/home/dtftest/build/dtf/build/dtf/dist/lib/xeger-1.0-SNAPSHOT.jar:/home/dtftest/build/dtf/build/dtf/dist/lib/xercesImpl.jar:/home/dtftest/build/dtf/build/dtf/dist/lib/xml-apis.jar:/opt/junit/junit-4.8.1-src.jar:/opt/junit/junit-4.8.1.jar:/opt/junit/junit-dep-4.8.1.jar:/usr/share/java/ant-launcher-1.7.1.jar:/usr/share/ant/lib/ant.jar:/usr/share/ant/lib/ant-junit.jar"></property>
    <property name="ant.version" value="Apache Ant version 1.7.1 compiled on July 1 2010"></property>
    <property name="java.vm.specification.name" value="Java Virtual Machine Specification"></property>
    <property name="dtf.properties.filename" value="src/config/dtf.properties"></property>
    <property name="java.vm.specification.version" value="1.0"></property>
    <property name="sun.cpu.endian" value="little"></property>
    <property name="sun.os.patch.level" value="unknown"></property>
    <property name="java.io.tmpdir" value="/tmp"></property>
    <property name="java.vendor.url.bug" value="http://java.sun.com/cgi-bin/bugreport.cgi"></property>
    <property name="dtf.java.target" value="1.5"></property>
    <property name="os.arch" value="i386"></property>
    <property name="java.awt.graphicsenv" value="sun.awt.X11GraphicsEnvironment"></property>
    <property name="java.ext.dirs" value="/usr/lib/jvm/java-6-sun-1.6.0.20/jre/lib/ext:/usr/java/packages/lib/ext"></property>
    <property name="user.dir" value="/home/dtftest/build/dtf"></property>
    <property name="line.separator" value="
"></property>
    <property name="java.vm.name" value="Java HotSpot(TM) Client VM"></property>
    <property name="dtf.ant.zip" value="external/apache-ant-1.6.0.zip"></property>
    <property name="basedir" value="/home/dtftest/build/dtf"></property>
    <property name="dtf.build.dir" value="build/dtf"></property>
    <property name="junit.home" value="/opt/junit"></property>
    <property name="ant.java.version" value="1.6"></property>
    <property name="ant.core.lib" value="/usr/share/ant/lib/ant.jar"></property>
    <property name="dtf.ext.lib.dir" value="external/lib"></property>
    <property name="dtf.plugins" value=""></property>
    <property name="file.encoding" value="UTF-8"></property>
    <property name="java.specification.version" value="1.6"></property>
  </properties>
  <system-out><![CDATA[]]></system-out>
  <system-err><![CDATA[]]></system-err>
</testsuite>
